<?xml version="1.0" encoding="UTF-8"?>
<!-- Generated by org.testng.reporters.JUnitReportReporter -->
<testsuite hostname="Sonalis_AsusVB" failures="0" tests="1" name="TestRunner.RunnerTest" time="24.655" errors="0" timestamp="15 Jan 2024 09:05:05 GMT" skipped="0">
  <testcase classname="TestRunner.RunnerTest" name="runScenario" time="24.655"/>
</testsuite> <!-- TestRunner.RunnerTest -->
